0.0 22963
0.0 22962.0
0.0 22961.0
0.0 22960.0
0.0 22959.0
0.0 22958.0
0.0 22957.0
0.01 22956.0
0.01 22955.0
0.01 22954.0
0.01 22953.0
0.01 22952.0
0.01 22951.0
0.01 22950.0
0.01 22949.0
0.01 22948.0
0.01 22947.0
0.01 22946.0
0.02 22945.0
0.02 22944.0
0.02 22943.0
0.02 22942.0
0.02 22941.0
0.02 22940.0
0.02 22939.0
0.02 22938.0
0.02 22937.0
0.03 22936.0
0.03 22935.0
0.04 22934.0
0.04 22933.0
0.04 22932.0
0.04 22931.0
0.04 22930.0
0.04 22929.0
0.04 22928.0
0.04 22927.0
0.04 22926.0
0.04 22925.0
0.04 22924.0
0.04 22923.0
0.05 22922.0
0.05 22921.0
0.05 22920.0
0.05 22919.0
0.05 22918.0
0.05 22917.0
0.05 22916.0
0.05 22915.0
0.05 22914.0
0.05 22913.0
0.05 22912.0
0.05 22911.0
0.06 22910.0
0.06 22909.0
0.06 22908.0
0.06 22907.0
0.06 22906.0
0.06 22905.0
0.06 22904.0
0.06 22903.0
0.06 22902.0
0.06 22901.0
0.06 22900.0
0.07 22899.0
0.07 22898.0
0.07 22897.0
0.07 22896.0
0.07 22895.0
0.07 22894.0
0.07 22893.0
0.07 22892.0
0.07 22891.0
0.07 22890.0
0.07 22889.0
0.07 22888.0
0.08 22887.0
0.08 22886.0
0.08 22885.0
0.08 22884.0
0.08 22883.0
0.08 22882.0
0.08 22881.0
0.08 22880.0
0.08 22879.0
0.08 22878.0
0.08 22877.0
0.09 22876.0
0.09 22875.0
0.09 22874.0
0.09 22873.0
0.09 22872.0
0.09 22871.0
0.09 22870.0
0.09 22869.0
0.09 22868.0
0.09 22867.0
0.09 22866.0
0.1 22865.0
0.1 22864.0
0.1 22863.0
0.1 22862.0
0.1 22861.0
0.1 22860.0
0.1 22859.0
0.1 22858.0
0.1 22857.0
0.1 22856.0
0.1 22855.0
0.1 22854.0
0.11 22853.0
0.11 22852.0
0.11 22851.0
0.11 22850.0
0.11 22849.0
0.11 22848.0
0.11 22847.0
0.11 22846.0
0.11 22845.0
0.11 22844.0
0.11 22843.0
0.12 22842.0
0.12 22841.0
0.12 22840.0
0.12 22839.0
0.12 22838.0
0.12 22837.0
0.12 22836.0
0.12 22835.0
0.12 22834.0
0.12 22833.0
0.12 22832.0
0.12 22831.0
0.13 22830.0
0.13 22829.0
0.13 22828.0
0.13 22827.0
0.13 22826.0
0.13 22825.0
0.13 22824.0
0.13 22823.0
0.13 22822.0
0.13 22821.0
0.13 22820.0
0.13 22819.0
0.14 22818.0
0.14 22817.0
0.14 22816.0
0.14 22815.0
0.14 22814.0
0.14 22813.0
0.14 22812.0
0.14 22811.0
0.14 22810.0
0.14 22809.0
0.14 22808.0
0.14 22807.0
0.15 22806.0
0.15 22805.0
0.15 22804.0
0.15 22803.0
0.15 22802.0
0.15 22801.0
0.15 22800.0
0.15 22799.0
0.15 22798.0
0.15 22797.0
0.15 22796.0
0.16 22795.0
0.16 22794.0
0.16 22793.0
0.16 22792.0
0.16 22791.0
0.16 22790.0
0.16 22789.0
0.16 22788.0
0.16 22787.0
0.16 22786.0
0.16 22785.0
0.16 22784.0
0.16 22783.0
0.17 22782.0
0.17 22781.0
0.17 22780.0
0.17 22779.0
0.17 22778.0
0.17 22777.0
0.17 22776.0
0.17 22775.0
0.17 22774.0
0.17 22773.0
0.17 22772.0
0.17 22771.0
0.18 22770.0
4.85 7079.0
12.75 4277.0
17.61 4167.0
24.42 4079.0
32.87 3988.0
38.89 3978.0
44.98 3966.0
53.09 3879.0
60.91 3872.0
67.85 3871.0
67.92 3870.0
74.51 3869.0
74.58 3868.0
80.85 3850.0
88.0 3822.0
93.7 3799.0
99.89 3779.0
107.65 3754.0
115.19 3753.0
115.23 3752.0
123.4 3747.0
132.79 3708.0
138.33 3707.0
138.41 3706.0
144.32 3694.0
149.55 3693.0
149.56 3692.0
154.41 3691.0
154.42 3690.0
159.91 3669.0
166.22 3620.0
172.23 3619.0
172.25 3618.0
177.82 3617.0
177.83 3616.0
182.56 3615.0
182.56 3614.0
188.11 3598.0
195.27 3582.0
203.58 3581.0
203.62 3580.0
210.26 3579.0
210.38 3578.0
216.66 3577.0
216.71 3576.0
224.15 3575.0
224.23 3574.0
231.01 3573.0
231.19 3572.0
239.68 3571.0
239.76 3570.0
247.08 3569.0
247.25 3568.0
254.72 3536.0
263.16 3521.0
272.43 3520.0
272.47 3519.0
282.25 3518.0
282.39 3517.0
290.08 3516.0
290.19 3515.0
298.35 3514.0
298.35 3513.0
305.41 3512.0
305.67 3511.0
313.68 3510.0
313.69 3509.0
321.42 3508.0
321.86 3507.0
328.78 3506.0
328.8 3505.0
335.22 3495.0
343.38 3494.0
343.4 3493.0
353.86 3492.0
353.89 3491.0
363.66 3490.0
363.73 3489.0
372.71 3488.0
372.82 3487.0
381.37 3486.0
381.38 3485.0
389.61 3484.0
389.72 3483.0
397.45 3482.0
397.51 3481.0
407.03 3480.0
407.3 3479.0
417.39 3478.0
417.53 3477.0
427.39 3476.0
428.08 3475.0
439.72 3474.0
440.12 3473.0
451.87 3472.0
452.0 3471.0
462.13 3470.0
462.21 3469.0
478.28 3468.0
478.45 3467.0
