0.0 22963
0.0 22962.0
0.0 22961.0
0.0 22960.0
0.0 22959.0
0.0 22958.0
0.01 22957.0
0.01 22956.0
0.01 22955.0
0.01 22954.0
0.01 22953.0
0.01 22952.0
0.01 22951.0
0.01 22950.0
0.01 22949.0
0.01 22948.0
0.01 22947.0
0.01 22946.0
0.02 22945.0
0.02 22944.0
0.02 22943.0
0.02 22942.0
0.02 22941.0
0.02 22940.0
0.02 22939.0
0.02 22938.0
0.02 22937.0
0.02 22936.0
0.02 22935.0
0.03 22934.0
0.03 22933.0
0.03 22932.0
0.03 22931.0
0.03 22930.0
0.03 22929.0
0.03 22928.0
0.03 22927.0
0.03 22926.0
0.03 22925.0
0.03 22924.0
0.03 22923.0
0.04 22922.0
0.04 22921.0
0.04 22920.0
0.04 22919.0
0.04 22918.0
0.04 22917.0
0.04 22916.0
0.04 22915.0
0.04 22914.0
0.04 22913.0
0.04 22912.0
0.05 22911.0
0.05 22910.0
0.05 22909.0
0.05 22908.0
0.05 22907.0
0.05 22906.0
0.05 22905.0
0.05 22904.0
0.05 22903.0
0.05 22902.0
0.05 22901.0
0.05 22900.0
0.06 22899.0
0.06 22898.0
0.06 22897.0
0.06 22896.0
0.06 22895.0
0.06 22894.0
0.06 22893.0
0.06 22892.0
0.06 22891.0
0.06 22890.0
0.07 22889.0
0.07 22888.0
0.07 22887.0
0.07 22886.0
0.07 22885.0
0.07 22884.0
0.07 22883.0
0.07 22882.0
0.07 22881.0
0.07 22880.0
0.07 22879.0
0.07 22878.0
0.08 22877.0
0.08 22876.0
0.08 22875.0
0.08 22874.0
0.08 22873.0
0.08 22872.0
0.08 22871.0
0.08 22870.0
0.08 22869.0
0.08 22868.0
0.08 22867.0
0.08 22866.0
0.09 22865.0
0.09 22864.0
0.09 22863.0
0.09 22862.0
0.09 22861.0
0.09 22860.0
0.09 22859.0
0.09 22858.0
0.09 22857.0
0.09 22856.0
0.09 22855.0
0.1 22854.0
0.1 22853.0
0.1 22852.0
0.1 22851.0
0.1 22850.0
0.1 22849.0
0.1 22848.0
0.1 22847.0
0.1 22846.0
0.1 22845.0
0.1 22844.0
0.11 22843.0
0.11 22842.0
0.11 22841.0
0.11 22840.0
0.11 22839.0
0.11 22838.0
0.11 22837.0
0.11 22836.0
0.11 22835.0
0.11 22834.0
0.11 22833.0
0.11 22832.0
0.12 22831.0
0.12 22830.0
0.12 22829.0
0.12 22828.0
0.12 22827.0
0.12 22826.0
0.12 22825.0
0.12 22824.0
0.12 22823.0
0.12 22822.0
0.12 22821.0
0.12 22820.0
0.13 22819.0
0.13 22818.0
0.13 22817.0
0.13 22816.0
0.13 22815.0
0.13 22814.0
0.13 22813.0
0.13 22812.0
0.13 22811.0
0.13 22810.0
0.13 22809.0
0.14 22808.0
0.14 22807.0
0.14 22806.0
0.14 22805.0
0.14 22804.0
0.14 22803.0
0.14 22802.0
0.14 22801.0
0.14 22800.0
0.14 22799.0
0.14 22798.0
0.14 22797.0
0.15 22796.0
0.15 22795.0
0.15 22794.0
0.15 22793.0
0.15 22792.0
0.15 22791.0
0.15 22790.0
0.15 22789.0
0.15 22788.0
0.15 22787.0
0.15 22786.0
0.16 22785.0
0.16 22784.0
0.16 22783.0
0.16 22782.0
0.16 22781.0
0.16 22780.0
0.16 22779.0
0.16 22778.0
0.16 22777.0
0.16 22776.0
0.16 22775.0
0.16 22774.0
0.17 22773.0
0.17 22772.0
0.17 22771.0
0.17 22770.0
4.88 7079.0
12.67 4277.0
17.57 4167.0
24.34 4079.0
32.62 3988.0
38.75 3978.0
44.85 3966.0
53.02 3879.0
