0.0 8361
0.0 8360.0
0.0 8359.0
0.0 8358.0
0.0 8357.0
0.0 8356.0
0.0 8355.0
0.0 8354.0
0.0 8353.0
0.0 8352.0
0.0 8351.0
0.0 8350.0
0.0 8349.0
0.0 8348.0
0.0 8347.0
0.0 8346.0
0.0 8345.0
0.0 8344.0
0.0 8343.0
0.0 8342.0
0.0 8341.0
0.0 8340.0
0.0 8339.0
0.0 8338.0
0.0 8337.0
0.0 8336.0
0.0 8335.0
0.0 8334.0
0.0 8333.0
0.0 8332.0
0.01 8331.0
0.01 8330.0
0.01 8329.0
0.01 8328.0
0.01 8327.0
0.01 8326.0
0.01 8325.0
0.01 8324.0
0.01 8323.0
0.01 8322.0
0.01 8321.0
0.01 8320.0
0.01 8319.0
0.01 8318.0
0.01 8317.0
0.01 8316.0
0.01 8315.0
0.01 8314.0
0.01 8313.0
0.01 8312.0
0.01 8311.0
0.01 8310.0
0.01 8309.0
0.01 8308.0
0.01 8307.0
0.01 8306.0
0.01 8305.0
0.01 8304.0
0.01 8303.0
0.01 8302.0
0.01 8301.0
0.01 8300.0
0.01 8299.0
0.01 8298.0
0.01 8297.0
0.01 8296.0
0.01 8295.0
0.01 8294.0
0.01 8293.0
0.01 8292.0
0.01 8291.0
0.01 8290.0
0.01 8289.0
0.01 8288.0
0.01 8287.0
0.01 8286.0
0.01 8285.0
0.01 8284.0
0.01 8283.0
0.01 8282.0
0.01 8281.0
0.01 8280.0
0.01 8279.0
0.01 8278.0
0.01 8277.0
0.01 8276.0
0.01 8275.0
0.01 8274.0
0.01 8273.0
0.01 8272.0
0.01 8271.0
0.01 8270.0
0.01 8269.0
0.01 8268.0
0.01 8267.0
0.01 8266.0
0.01 8265.0
0.01 8264.0
0.01 8263.0
0.01 8262.0
0.02 8261.0
0.02 8260.0
0.02 8259.0
0.02 8258.0
0.02 8257.0
0.02 8256.0
0.02 8255.0
0.02 8254.0
0.02 8253.0
0.86 4722.0
1.99 4400.0
3.56 4322.0
4.65 4297.0
5.84 4272.0
7.05 4243.0
8.07 4238.0
9.47 4207.0
10.72 4206.0
10.73 4205.0
11.99 4187.0
13.61 4167.0
15.81 4166.0
15.81 4165.0
17.93 4153.0
