0.0 4941
0.0 4940.0
0.0 4939.0
0.0 4938.0
0.0 4937.0
0.0 4936.0
0.0 4935.0
0.0 4934.0
0.0 4933.0
0.0 4932.0
0.0 4931.0
0.0 4930.0
0.0 4929.0
0.0 4928.0
0.0 4927.0
0.0 4926.0
0.0 4925.0
0.27 2842.0
0.66 2601.0
1.15 2553.0
1.82 2496.0
2.39 2476.0
2.82 2475.0
2.83 2474.0
3.29 2444.0
3.72 2443.0
3.75 2442.0
4.26 2424.0
4.83 2423.0
4.84 2422.0
5.27 2421.0
5.27 2420.0
5.92 2419.0
5.93 2418.0
6.48 2417.0
6.5 2416.0
6.93 2405.0
7.36 2403.0
7.93 2402.0
7.93 2401.0
8.48 2386.0
8.89 2385.0
8.9 2384.0
9.52 2382.0
10.2 2381.0
10.22 2380.0
10.75 2379.0
10.77 2378.0
11.55 2377.0
11.56 2376.0
