0.0 4941
0.0 4940.0
0.0 4939.0
0.0 4938.0
0.0 4937.0
0.0 4936.0
0.0 4935.0
0.0 4934.0
0.0 4933.0
0.0 4932.0
0.0 4931.0
0.0 4930.0
0.0 4929.0
0.0 4928.0
0.0 4927.0
0.0 4926.0
0.0 4925.0
0.28 2842.0
0.66 2601.0
1.15 2553.0
1.81 2496.0
2.4 2476.0
2.85 2475.0
2.86 2474.0
3.34 2444.0
3.81 2443.0
3.83 2442.0
4.35 2424.0
4.93 2423.0
4.94 2422.0
5.36 2421.0
5.36 2420.0
6.01 2419.0
6.01 2418.0
6.58 2417.0
6.6 2416.0
7.05 2405.0
7.51 2403.0
8.11 2402.0
8.12 2401.0
8.66 2386.0
9.08 2385.0
9.09 2384.0
9.74 2382.0
10.43 2381.0
10.44 2380.0
10.97 2379.0
10.99 2378.0
11.78 2377.0
11.79 2376.0
