0.0 4941
0.0 4940.0
0.0 4939.0
0.0 4938.0
0.0 4937.0
0.0 4936.0
0.0 4935.0
0.0 4934.0
0.0 4933.0
0.0 4932.0
0.0 4931.0
0.0 4930.0
0.0 4929.0
0.0 4928.0
0.0 4927.0
0.0 4926.0
0.0 4925.0
0.28 2842.0
0.67 2601.0
1.18 2553.0
1.84 2496.0
2.43 2476.0
2.87 2475.0
2.88 2474.0
3.36 2444.0
3.8 2443.0
3.83 2442.0
4.36 2424.0
4.94 2423.0
4.96 2422.0
5.39 2421.0
5.39 2420.0
6.05 2419.0
6.05 2418.0
6.61 2417.0
6.63 2416.0
7.07 2405.0
7.52 2403.0
8.1 2402.0
8.1 2401.0
8.66 2386.0
9.09 2385.0
9.1 2384.0
9.72 2382.0
10.42 2381.0
10.44 2380.0
10.98 2379.0
11.0 2378.0
11.79 2377.0
11.8 2376.0
