0.0 14109
0.0 14108.0
0.0 14107.0
0.0 14106.0
0.0 14105.0
0.0 14104.0
0.0 14103.0
0.0 14102.0
0.0 14101.0
0.0 14100.0
0.0 14099.0
0.0 14098.0
0.0 14097.0
0.0 14096.0
0.0 14095.0
0.0 14094.0
0.0 14093.0
0.0 14092.0
0.0 14091.0
0.0 14090.0
0.0 14089.0
0.0 14088.0
0.0 14087.0
0.0 14086.0
2.82 5761.0
5.79 5315.0
9.08 5226.0
11.48 5205.0
14.34 5112.0
17.26 5111.0
17.27 5110.0
19.8 5065.0
24.35 5001.0
28.08 4992.0
32.13 4991.0
32.3 4990.0
35.61 4987.0
38.5 4986.0
38.53 4985.0
42.58 4969.0
45.84 4960.0
50.7 4952.0
56.16 4951.0
56.18 4950.0
59.97 4949.0
