0.0 14109
0.0 14108.0
0.0 14107.0
0.0 14106.0
0.0 14105.0
0.0 14104.0
0.0 14103.0
0.0 14102.0
0.0 14101.0
0.0 14100.0
0.0 14099.0
0.0 14098.0
0.0 14097.0
0.0 14096.0
0.0 14095.0
0.0 14094.0
0.0 14093.0
0.0 14092.0
0.0 14091.0
0.0 14090.0
0.0 14089.0
0.0 14088.0
0.0 14087.0
0.0 14086.0
2.82 5761.0
5.8 5315.0
9.1 5226.0
11.52 5205.0
14.34 5112.0
17.23 5111.0
17.23 5110.0
19.76 5065.0
24.25 5001.0
27.99 4992.0
32.03 4991.0
32.19 4990.0
35.52 4987.0
38.4 4986.0
38.43 4985.0
42.46 4969.0
45.72 4960.0
50.58 4952.0
56.05 4951.0
56.07 4950.0
59.85 4949.0
59.9 4948.0
63.43 4946.0
66.41 4945.0
66.42 4944.0
69.53 4943.0
69.54 4942.0
72.58 4941.0
72.69 4940.0
76.59 4919.0
