0.0 11023
0.0 11022.0
0.0 11021.0
0.0 11020.0
0.0 11019.0
0.0 11018.0
0.0 11017.0
0.0 11016.0
0.0 11015.0
0.0 11014.0
0.0 11013.0
0.0 11012.0
0.0 11011.0
0.0 11010.0
0.0 11009.0
0.0 11008.0
0.0 11007.0
0.0 11006.0
0.0 11005.0
0.0 11004.0
0.0 11003.0
0.0 11002.0
0.0 11001.0
0.0 11000.0
0.0 10999.0
0.0 10998.0
0.0 10997.0
0.01 10996.0
0.01 10995.0
0.01 10994.0
0.01 10993.0
0.01 10992.0
0.01 10991.0
0.01 10990.0
0.01 10989.0
1.24 7756.0
3.85 7578.0
5.8 7577.0
5.82 7576.0
8.03 7564.0
10.64 7563.0
10.71 7562.0
12.66 7561.0
12.76 7560.0
14.73 7549.0
16.66 7534.0
19.41 7533.0
19.42 7532.0
22.99 7531.0
23.08 7530.0
25.18 7529.0
25.23 7528.0
27.65 7524.0
30.39 7516.0
32.33 7515.0
32.34 7514.0
