0.0 1589
0.0 1588.0
0.0 1587.0
0.0 1586.0
0.0 1585.0
0.0 1584.0
0.0 1583.0
0.0 1582.0
0.0 1581.0
0.0 1580.0
0.0 1579.0
0.0 1578.0
0.0 1577.0
0.0 1576.0
0.0 1575.0
0.0 1574.0
0.0 1573.0
0.0 1572.0
0.0 1571.0
0.0 1570.0
0.0 1569.0
0.0 1568.0
0.0 1567.0
0.0 1566.0
0.0 1565.0
0.0 1564.0
0.0 1563.0
0.0 1562.0
0.0 1561.0
0.0 1560.0
0.0 1559.0
0.0 1558.0
0.0 1557.0
0.0 1556.0
0.0 1555.0
0.0 1554.0
0.0 1553.0
0.0 1552.0
0.0 1551.0
0.06 963.0
0.13 942.0
0.21 941.0
0.21 940.0
0.27 932.0
0.35 929.0
0.42 928.0
0.43 927.0
0.52 926.0
0.59 925.0
