0.0 4941
0.0 4940.0
0.0 4939.0
0.0 4938.0
0.0 4937.0
0.0 4936.0
0.0 4935.0
0.0 4934.0
0.0 4933.0
0.0 4932.0
0.0 4931.0
0.0 4930.0
0.0 4929.0
0.0 4928.0
0.0 4927.0
0.0 4926.0
0.0 4925.0
0.27 2842.0
0.65 2601.0
1.14 2553.0
1.78 2496.0
2.35 2476.0
2.78 2475.0
2.79 2474.0
3.24 2444.0
3.68 2443.0
3.7 2442.0
4.21 2424.0
4.77 2423.0
4.79 2422.0
5.2 2421.0
5.2 2420.0
5.84 2419.0
5.84 2418.0
6.38 2417.0
6.4 2416.0
6.84 2405.0
7.27 2403.0
7.83 2402.0
7.84 2401.0
8.38 2386.0
8.79 2385.0
8.8 2384.0
9.42 2382.0
10.1 2381.0
10.11 2380.0
10.64 2379.0
10.66 2378.0
11.44 2377.0
11.45 2376.0
