0.0 11023
0.0 11022.0
0.0 11021.0
0.0 11020.0
0.0 11019.0
0.0 11018.0
0.0 11017.0
0.0 11016.0
0.0 11015.0
0.0 11014.0
0.0 11013.0
0.0 11012.0
0.0 11011.0
0.0 11010.0
0.0 11009.0
0.0 11008.0
0.0 11007.0
0.0 11006.0
0.0 11005.0
0.0 11004.0
0.0 11003.0
0.0 11002.0
0.0 11001.0
0.0 11000.0
0.0 10999.0
0.0 10998.0
0.0 10997.0
0.0 10996.0
0.0 10995.0
0.0 10994.0
0.0 10993.0
0.0 10992.0
0.01 10991.0
0.01 10990.0
0.01 10989.0
1.23 7756.0
3.83 7578.0
5.78 7577.0
5.8 7576.0
7.99 7564.0
10.61 7563.0
10.68 7562.0
12.63 7561.0
12.74 7560.0
14.68 7549.0
16.59 7534.0
19.29 7533.0
19.29 7532.0
